<?xml version="1.0" encoding="UTF-8"?>
<testsuite xmlns:xsi="http://www.w3.org/2001/XMLSchema-instance" xsi:noNamespaceSchemaLocation="https://maven.apache.org/surefire/maven-surefire-plugin/xsd/surefire-test-report.xsd" name="AccountTest" time="0.263" tests="8" errors="0" skipped="0" failures="0">
  <properties>
    <property name="java.specification.version" value="18"/>
    <property name="sun.jnu.encoding" value="UTF-8"/>
    <property name="java.class.path" value="/Users/alekseyb/Desktop/LastYandexProject/target/test-classes:/Users/alekseyb/Desktop/LastYandexProject/target/classes:/Users/alekseyb/.m2/repository/junit/junit/4.13.1/junit-4.13.1.jar:/Users/alekseyb/.m2/repository/org/hamcrest/hamcrest-core/1.3/hamcrest-core-1.3.jar:/Users/alekseyb/.m2/repository/org/jacoco/jacoco-maven-plugin/0.8.7/jacoco-maven-plugin-0.8.7.jar:/Users/alekseyb/.m2/repository/org/apache/maven/maven-plugin-api/3.0/maven-plugin-api-3.0.jar:/Users/alekseyb/.m2/repository/org/apache/maven/maven-model/3.0/maven-model-3.0.jar:/Users/alekseyb/.m2/repository/org/apache/maven/maven-artifact/3.0/maven-artifact-3.0.jar:/Users/alekseyb/.m2/repository/org/sonatype/sisu/sisu-inject-plexus/1.4.2/sisu-inject-plexus-1.4.2.jar:/Users/alekseyb/.m2/repository/org/sonatype/sisu/sisu-inject-bean/1.4.2/sisu-inject-bean-1.4.2.jar:/Users/alekseyb/.m2/repository/org/sonatype/sisu/sisu-guice/2.1.7/sisu-guice-2.1.7-noaop.jar:/Users/alekseyb/.m2/repository/org/apache/maven/maven-core/3.0/maven-core-3.0.jar:/Users/alekseyb/.m2/repository/org/apache/maven/maven-settings/3.0/maven-settings-3.0.jar:/Users/alekseyb/.m2/repository/org/apache/maven/maven-settings-builder/3.0/maven-settings-builder-3.0.jar:/Users/alekseyb/.m2/repository/org/apache/maven/maven-repository-metadata/3.0/maven-repository-metadata-3.0.jar:/Users/alekseyb/.m2/repository/org/apache/maven/maven-model-builder/3.0/maven-model-builder-3.0.jar:/Users/alekseyb/.m2/repository/org/apache/maven/maven-aether-provider/3.0/maven-aether-provider-3.0.jar:/Users/alekseyb/.m2/repository/org/sonatype/aether/aether-impl/1.7/aether-impl-1.7.jar:/Users/alekseyb/.m2/repository/org/sonatype/aether/aether-spi/1.7/aether-spi-1.7.jar:/Users/alekseyb/.m2/repository/org/sonatype/aether/aether-api/1.7/aether-api-1.7.jar:/Users/alekseyb/.m2/repository/org/sonatype/aether/aether-util/1.7/aether-util-1.7.jar:/Users/alekseyb/.m2/repository/org/codehaus/plexus/plexus-interpolation/1.14/plexus-interpolation-1.14.jar:/Users/alekseyb/.m2/repository/org/codehaus/plexus/plexus-classworlds/2.2.3/plexus-classworlds-2.2.3.jar:/Users/alekseyb/.m2/repository/org/codehaus/plexus/plexus-component-annotations/1.5.5/plexus-component-annotations-1.5.5.jar:/Users/alekseyb/.m2/repository/org/sonatype/plexus/plexus-sec-dispatcher/1.3/plexus-sec-dispatcher-1.3.jar:/Users/alekseyb/.m2/repository/org/sonatype/plexus/plexus-cipher/1.4/plexus-cipher-1.4.jar:/Users/alekseyb/.m2/repository/org/codehaus/plexus/plexus-utils/3.0.22/plexus-utils-3.0.22.jar:/Users/alekseyb/.m2/repository/org/apache/maven/shared/file-management/1.2.1/file-management-1.2.1.jar:/Users/alekseyb/.m2/repository/org/apache/maven/shared/maven-shared-io/1.1/maven-shared-io-1.1.jar:/Users/alekseyb/.m2/repository/org/apache/maven/maven-artifact-manager/2.0.2/maven-artifact-manager-2.0.2.jar:/Users/alekseyb/.m2/repository/org/apache/maven/wagon/wagon-provider-api/1.0-alpha-6/wagon-provider-api-1.0-alpha-6.jar:/Users/alekseyb/.m2/repository/org/codehaus/plexus/plexus-container-default/1.0-alpha-9/plexus-container-default-1.0-alpha-9.jar:/Users/alekseyb/.m2/repository/classworlds/classworlds/1.1-alpha-2/classworlds-1.1-alpha-2.jar:/Users/alekseyb/.m2/repository/org/apache/maven/reporting/maven-reporting-api/3.0/maven-reporting-api-3.0.jar:/Users/alekseyb/.m2/repository/org/apache/maven/doxia/doxia-sink-api/1.0/doxia-sink-api-1.0.jar:/Users/alekseyb/.m2/repository/org/jacoco/org.jacoco.agent/0.8.7/org.jacoco.agent-0.8.7-runtime.jar:/Users/alekseyb/.m2/repository/org/jacoco/org.jacoco.core/0.8.7/org.jacoco.core-0.8.7.jar:/Users/alekseyb/.m2/repository/org/ow2/asm/asm/9.1/asm-9.1.jar:/Users/alekseyb/.m2/repository/org/ow2/asm/asm-commons/9.1/asm-commons-9.1.jar:/Users/alekseyb/.m2/repository/org/ow2/asm/asm-analysis/9.1/asm-analysis-9.1.jar:/Users/alekseyb/.m2/repository/org/ow2/asm/asm-tree/9.1/asm-tree-9.1.jar:/Users/alekseyb/.m2/repository/org/jacoco/org.jacoco.report/0.8.7/org.jacoco.report-0.8.7.jar:/Users/alekseyb/.m2/repository/io/qameta/allure/allure-junit4/2.17.3/allure-junit4-2.17.3.jar:/Users/alekseyb/.m2/repository/io/qameta/allure/allure-java-commons/2.17.3/allure-java-commons-2.17.3.jar:/Users/alekseyb/.m2/repository/org/slf4j/slf4j-api/1.7.30/slf4j-api-1.7.30.jar:/Users/alekseyb/.m2/repository/io/qameta/allure/allure-model/2.17.3/allure-model-2.17.3.jar:"/>
    <property name="java.vm.vendor" value="Homebrew"/>
    <property name="sun.arch.data.model" value="64"/>
    <property name="java.vendor.url" value="https://github.com/Homebrew/homebrew-core/issues"/>
    <property name="os.name" value="Mac OS X"/>
    <property name="java.vm.specification.version" value="18"/>
    <property name="sun.java.launcher" value="SUN_STANDARD"/>
    <property name="user.country" value="CZ"/>
    <property name="sun.boot.library.path" value="/usr/local/Cellar/openjdk/18/libexec/openjdk.jdk/Contents/Home/lib"/>
    <property name="sun.java.command" value="/Users/alekseyb/Desktop/LastYandexProject/target/surefire/surefirebooter1945558906792298440.jar /Users/alekseyb/Desktop/LastYandexProject/target/surefire 2022-05-29T13-30-57_426-jvmRun1 surefire13936532753373764682tmp surefire_02870607010794815563tmp"/>
    <property name="jdk.debug" value="release"/>
    <property name="surefire.test.class.path" value="/Users/alekseyb/Desktop/LastYandexProject/target/test-classes:/Users/alekseyb/Desktop/LastYandexProject/target/classes:/Users/alekseyb/.m2/repository/junit/junit/4.13.1/junit-4.13.1.jar:/Users/alekseyb/.m2/repository/org/hamcrest/hamcrest-core/1.3/hamcrest-core-1.3.jar:/Users/alekseyb/.m2/repository/org/jacoco/jacoco-maven-plugin/0.8.7/jacoco-maven-plugin-0.8.7.jar:/Users/alekseyb/.m2/repository/org/apache/maven/maven-plugin-api/3.0/maven-plugin-api-3.0.jar:/Users/alekseyb/.m2/repository/org/apache/maven/maven-model/3.0/maven-model-3.0.jar:/Users/alekseyb/.m2/repository/org/apache/maven/maven-artifact/3.0/maven-artifact-3.0.jar:/Users/alekseyb/.m2/repository/org/sonatype/sisu/sisu-inject-plexus/1.4.2/sisu-inject-plexus-1.4.2.jar:/Users/alekseyb/.m2/repository/org/sonatype/sisu/sisu-inject-bean/1.4.2/sisu-inject-bean-1.4.2.jar:/Users/alekseyb/.m2/repository/org/sonatype/sisu/sisu-guice/2.1.7/sisu-guice-2.1.7-noaop.jar:/Users/alekseyb/.m2/repository/org/apache/maven/maven-core/3.0/maven-core-3.0.jar:/Users/alekseyb/.m2/repository/org/apache/maven/maven-settings/3.0/maven-settings-3.0.jar:/Users/alekseyb/.m2/repository/org/apache/maven/maven-settings-builder/3.0/maven-settings-builder-3.0.jar:/Users/alekseyb/.m2/repository/org/apache/maven/maven-repository-metadata/3.0/maven-repository-metadata-3.0.jar:/Users/alekseyb/.m2/repository/org/apache/maven/maven-model-builder/3.0/maven-model-builder-3.0.jar:/Users/alekseyb/.m2/repository/org/apache/maven/maven-aether-provider/3.0/maven-aether-provider-3.0.jar:/Users/alekseyb/.m2/repository/org/sonatype/aether/aether-impl/1.7/aether-impl-1.7.jar:/Users/alekseyb/.m2/repository/org/sonatype/aether/aether-spi/1.7/aether-spi-1.7.jar:/Users/alekseyb/.m2/repository/org/sonatype/aether/aether-api/1.7/aether-api-1.7.jar:/Users/alekseyb/.m2/repository/org/sonatype/aether/aether-util/1.7/aether-util-1.7.jar:/Users/alekseyb/.m2/repository/org/codehaus/plexus/plexus-interpolation/1.14/plexus-interpolation-1.14.jar:/Users/alekseyb/.m2/repository/org/codehaus/plexus/plexus-classworlds/2.2.3/plexus-classworlds-2.2.3.jar:/Users/alekseyb/.m2/repository/org/codehaus/plexus/plexus-component-annotations/1.5.5/plexus-component-annotations-1.5.5.jar:/Users/alekseyb/.m2/repository/org/sonatype/plexus/plexus-sec-dispatcher/1.3/plexus-sec-dispatcher-1.3.jar:/Users/alekseyb/.m2/repository/org/sonatype/plexus/plexus-cipher/1.4/plexus-cipher-1.4.jar:/Users/alekseyb/.m2/repository/org/codehaus/plexus/plexus-utils/3.0.22/plexus-utils-3.0.22.jar:/Users/alekseyb/.m2/repository/org/apache/maven/shared/file-management/1.2.1/file-management-1.2.1.jar:/Users/alekseyb/.m2/repository/org/apache/maven/shared/maven-shared-io/1.1/maven-shared-io-1.1.jar:/Users/alekseyb/.m2/repository/org/apache/maven/maven-artifact-manager/2.0.2/maven-artifact-manager-2.0.2.jar:/Users/alekseyb/.m2/repository/org/apache/maven/wagon/wagon-provider-api/1.0-alpha-6/wagon-provider-api-1.0-alpha-6.jar:/Users/alekseyb/.m2/repository/org/codehaus/plexus/plexus-container-default/1.0-alpha-9/plexus-container-default-1.0-alpha-9.jar:/Users/alekseyb/.m2/repository/classworlds/classworlds/1.1-alpha-2/classworlds-1.1-alpha-2.jar:/Users/alekseyb/.m2/repository/org/apache/maven/reporting/maven-reporting-api/3.0/maven-reporting-api-3.0.jar:/Users/alekseyb/.m2/repository/org/apache/maven/doxia/doxia-sink-api/1.0/doxia-sink-api-1.0.jar:/Users/alekseyb/.m2/repository/org/jacoco/org.jacoco.agent/0.8.7/org.jacoco.agent-0.8.7-runtime.jar:/Users/alekseyb/.m2/repository/org/jacoco/org.jacoco.core/0.8.7/org.jacoco.core-0.8.7.jar:/Users/alekseyb/.m2/repository/org/ow2/asm/asm/9.1/asm-9.1.jar:/Users/alekseyb/.m2/repository/org/ow2/asm/asm-commons/9.1/asm-commons-9.1.jar:/Users/alekseyb/.m2/repository/org/ow2/asm/asm-analysis/9.1/asm-analysis-9.1.jar:/Users/alekseyb/.m2/repository/org/ow2/asm/asm-tree/9.1/asm-tree-9.1.jar:/Users/alekseyb/.m2/repository/org/jacoco/org.jacoco.report/0.8.7/org.jacoco.report-0.8.7.jar:/Users/alekseyb/.m2/repository/io/qameta/allure/allure-junit4/2.17.3/allure-junit4-2.17.3.jar:/Users/alekseyb/.m2/repository/io/qameta/allure/allure-java-commons/2.17.3/allure-java-commons-2.17.3.jar:/Users/alekseyb/.m2/repository/org/slf4j/slf4j-api/1.7.30/slf4j-api-1.7.30.jar:/Users/alekseyb/.m2/repository/io/qameta/allure/allure-model/2.17.3/allure-model-2.17.3.jar:"/>
    <property name="allure.results.directory" value="/Users/alekseyb/Desktop/LastYandexProject/target/allure-results"/>
    <property name="sun.cpu.endian" value="little"/>
    <property name="user.home" value="/Users/alekseyb"/>
    <property name="user.language" value="en"/>
    <property name="java.specification.vendor" value="Oracle Corporation"/>
    <property name="java.version.date" value="2022-03-22"/>
    <property name="java.home" value="/usr/local/Cellar/openjdk/18/libexec/openjdk.jdk/Contents/Home"/>
    <property name="file.separator" value="/"/>
    <property name="basedir" value="/Users/alekseyb/Desktop/LastYandexProject"/>
    <property name="java.vm.compressedOopsMode" value="Zero based"/>
    <property name="line.separator" value="&#10;"/>
    <property name="java.specification.name" value="Java Platform API Specification"/>
    <property name="java.vm.specification.vendor" value="Oracle Corporation"/>
    <property name="apple.awt.application.name" value="ForkedBooter"/>
    <property name="surefire.real.class.path" value="/Users/alekseyb/Desktop/LastYandexProject/target/surefire/surefirebooter1945558906792298440.jar"/>
    <property name="sun.management.compiler" value="HotSpot 64-Bit Tiered Compilers"/>
    <property name="java.runtime.version" value="18+0"/>
    <property name="user.name" value="alekseyb"/>
    <property name="path.separator" value=":"/>
    <property name="os.version" value="12.0.1"/>
    <property name="java.runtime.name" value="OpenJDK Runtime Environment"/>
    <property name="file.encoding" value="UTF-8"/>
    <property name="java.vm.name" value="OpenJDK 64-Bit Server VM"/>
    <property name="java.vendor.version" value="Homebrew"/>
    <property name="localRepository" value="/Users/alekseyb/.m2/repository"/>
    <property name="java.vendor.url.bug" value="https://github.com/Homebrew/homebrew-core/issues"/>
    <property name="java.io.tmpdir" value="/var/folders/w7/184mq_fj1lq3z_7vcdp_gcl00000gn/T/"/>
    <property name="java.version" value="18"/>
    <property name="user.dir" value="/Users/alekseyb/Desktop/LastYandexProject"/>
    <property name="os.arch" value="x86_64"/>
    <property name="java.vm.specification.name" value="Java Virtual Machine Specification"/>
    <property name="native.encoding" value="UTF-8"/>
    <property name="java.library.path" value="/Users/alekseyb/Library/Java/Extensions:/Library/Java/Extensions:/Network/Library/Java/Extensions:/System/Library/Java/Extensions:/usr/lib/java:."/>
    <property name="java.vm.info" value="mixed mode, sharing"/>
    <property name="java.vendor" value="Homebrew"/>
    <property name="java.vm.version" value="18+0"/>
    <property name="sun.io.unicode.encoding" value="UnicodeBig"/>
    <property name="java.class.version" value="62.0"/>
  </properties>
  <testcase name="checkNameToEmboss[0]" classname="AccountTest" time="0.092"/>
  <testcase name="checkNameToEmboss[1]" classname="AccountTest" time="0.002"/>
  <testcase name="checkNameToEmboss[2]" classname="AccountTest" time="0.001"/>
  <testcase name="checkNameToEmboss[3]" classname="AccountTest" time="0.001"/>
  <testcase name="checkNameToEmboss[4]" classname="AccountTest" time="0.001"/>
  <testcase name="checkNameToEmboss[5]" classname="AccountTest" time="0.001"/>
  <testcase name="checkNameToEmboss[6]" classname="AccountTest" time="0.001"/>
  <testcase name="checkNameToEmboss[7]" classname="AccountTest" time="0.002"/>
</testsuite>